<?xml version="1.0" encoding="UTF-8"?>
<testng-results skipped="0" failed="0" ignored="0" total="2" passed="2">
  <reporter-output>
  </reporter-output>
  <suite name="Default suite" duration-ms="14300" started-at="2017-06-29T05:50:13Z" finished-at="2017-06-29T05:50:28Z">
    <groups>
    </groups>
    <test name="Default test" duration-ms="14300" started-at="2017-06-29T05:50:13Z" finished-at="2017-06-29T05:50:28Z">
      <class name="javatest.javatest">
        <test-method status="PASS" signature="beforeTest()[pri:0, instance:javatest.javatest@48eff760]" name="beforeTest" is-config="true" duration-ms="2461" started-at="2017-06-28T23:50:13Z" finished-at="2017-06-28T23:50:16Z">
          <reporter-output>
          </reporter-output>
        </test-method> <!-- beforeTest -->
        <test-method status="PASS" signature="login()[pri:2, instance:javatest.javatest@48eff760]" name="login" duration-ms="7577" started-at="2017-06-28T23:50:16Z" finished-at="2017-06-28T23:50:23Z">
          <reporter-output>
          </reporter-output>
        </test-method> <!-- login -->
        <test-method status="PASS" signature="addCart()[pri:3, instance:javatest.javatest@48eff760]" name="addCart" duration-ms="4247" started-at="2017-06-28T23:50:23Z" finished-at="2017-06-28T23:50:28Z">
          <reporter-output>
          </reporter-output>
        </test-method> <!-- addCart -->
        <test-method status="PASS" signature="close()[pri:0, instance:javatest.javatest@48eff760]" name="close" is-config="true" duration-ms="0" started-at="2017-06-28T23:50:28Z" finished-at="2017-06-28T23:50:28Z">
          <reporter-output>
          </reporter-output>
        </test-method> <!-- close -->
      </class> <!-- javatest.javatest -->
    </test> <!-- Default test -->
  </suite> <!-- Default suite -->
</testng-results>
